[2018-10-13 14:03:52 +0530] [20155] [INFO] GET /search/dabang66 200 OK [in /home/sandip/movie_api/app/middleware.py:26]
[2018-10-13 14:03:52 +0530] [20164] [INFO] GET /search/dabang66 200 OK [in /home/sandip/movie_api/app/middleware.py:26]
[2018-10-13 14:04:41 +0530] [20192] [INFO] GET /search/dabang66 200 OK [in /home/sandip/movie_api/app/middleware.py:26]
[2018-10-13 14:04:42 +0530] [20189] [INFO] GET /search/dabang66 200 OK [in /home/sandip/movie_api/app/middleware.py:26]
[2018-10-13 14:04:51 +0530] [20186] [INFO] GET /search/dabang66 200 OK [in /home/sandip/movie_api/app/middleware.py:26]
[2018-10-13 14:04:52 +0530] [20195] [INFO] GET /search/dabang66 200 OK [in /home/sandip/movie_api/app/middleware.py:26]
[2018-10-13 14:04:52 +0530] [20186] [INFO] GET /search/dabang66 200 OK [in /home/sandip/movie_api/app/middleware.py:26]
[2018-10-13 14:04:52 +0530] [20186] [INFO] GET /search/dabang66 200 OK [in /home/sandip/movie_api/app/middleware.py:26]
[2018-10-13 14:04:52 +0530] [20195] [INFO] GET /search/dabang66 200 OK [in /home/sandip/movie_api/app/middleware.py:26]
[2018-10-13 14:07:34 +0530] [20189] [INFO] GET /search/dabang66 200 OK [in /home/sandip/movie_api/app/middleware.py:26]
[2018-10-13 14:07:35 +0530] [20192] [INFO] GET /search/dabang66 200 OK [in /home/sandip/movie_api/app/middleware.py:26]
[2018-10-13 14:07:36 +0530] [20186] [INFO] GET /search/dabang66 200 OK [in /home/sandip/movie_api/app/middleware.py:26]
[2018-10-13 14:07:43 +0530] [20189] [INFO] GET /search/dabang66 200 OK [in /home/sandip/movie_api/app/middleware.py:26]
[2018-10-13 14:08:00 +0530] [20186] [INFO] GET /search/dabang66 200 OK [in /home/sandip/movie_api/app/middleware.py:26]
[2018-10-13 14:08:04 +0530] [20186] [INFO] DELETE /movies/dabang66 200 OK [in /home/sandip/movie_api/app/middleware.py:26]
[2018-10-13 14:08:05 +0530] [20192] [INFO] DELETE /movies/dabang66 404 Not Found [in /home/sandip/movie_api/app/middleware.py:26]
[2018-10-13 14:08:06 +0530] [20192] [INFO] DELETE /movies/dabang66 404 Not Found [in /home/sandip/movie_api/app/middleware.py:26]
[2018-10-13 14:08:53 +0530] [20192] [INFO] GET /movies 200 OK [in /home/sandip/movie_api/app/middleware.py:26]
[2018-10-13 14:08:54 +0530] [20189] [INFO] GET /movies 200 OK [in /home/sandip/movie_api/app/middleware.py:26]
[2018-10-13 14:08:55 +0530] [20189] [INFO] GET /movies 200 OK [in /home/sandip/movie_api/app/middleware.py:26]
[2018-10-13 14:08:55 +0530] [20186] [INFO] GET /movies 200 OK [in /home/sandip/movie_api/app/middleware.py:26]
[2018-10-13 14:08:55 +0530] [20186] [INFO] GET /movies 200 OK [in /home/sandip/movie_api/app/middleware.py:26]
[2018-10-13 14:08:56 +0530] [20192] [INFO] GET /movies 200 OK [in /home/sandip/movie_api/app/middleware.py:26]
[2018-10-13 14:09:03 +0530] [20192] [INFO] GET /movies/dfdf 200 OK [in /home/sandip/movie_api/app/middleware.py:26]
[2018-10-13 14:09:04 +0530] [20189] [INFO] GET /movies/dfdf 200 OK [in /home/sandip/movie_api/app/middleware.py:26]
[2018-10-13 14:09:07 +0530] [20189] [INFO] GET /movies 200 OK [in /home/sandip/movie_api/app/middleware.py:26]
[2018-10-13 14:09:09 +0530] [20189] [INFO] GET /movies 200 OK [in /home/sandip/movie_api/app/middleware.py:26]
[2018-10-13 14:09:41 +0530] [20186] [INFO] GET /movies 200 OK [in /home/sandip/movie_api/app/middleware.py:26]
[2018-10-13 14:09:45 +0530] [20186] [INFO] GET /search/dabang66 404 Not Found [in /home/sandip/movie_api/app/middleware.py:26]
[2018-10-13 14:09:46 +0530] [20189] [INFO] GET /search/dabang66 404 Not Found [in /home/sandip/movie_api/app/middleware.py:26]
[2018-10-13 14:09:46 +0530] [20186] [INFO] GET /search/dabang66 404 Not Found [in /home/sandip/movie_api/app/middleware.py:26]
[2018-10-13 14:09:47 +0530] [20189] [INFO] GET /search/dabang66 404 Not Found [in /home/sandip/movie_api/app/middleware.py:26]
[2018-10-13 14:09:49 +0530] [20189] [INFO] GET /search/dabang66 404 Not Found [in /home/sandip/movie_api/app/middleware.py:26]
[2018-10-13 14:09:49 +0530] [20189] [INFO] GET /search/dabang66 404 Not Found [in /home/sandip/movie_api/app/middleware.py:26]
[2018-10-13 14:09:49 +0530] [20186] [INFO] GET /search/dabang66 404 Not Found [in /home/sandip/movie_api/app/middleware.py:26]
[2018-10-13 14:09:50 +0530] [20186] [INFO] GET /search/dabang66 404 Not Found [in /home/sandip/movie_api/app/middleware.py:26]
[2018-10-13 14:09:50 +0530] [20189] [INFO] GET /search/dabang66 404 Not Found [in /home/sandip/movie_api/app/middleware.py:26]
[2018-10-13 14:09:50 +0530] [20186] [INFO] GET /search/dabang66 404 Not Found [in /home/sandip/movie_api/app/middleware.py:26]
[2018-10-13 14:09:50 +0530] [20192] [INFO] GET /search/dabang66 404 Not Found [in /home/sandip/movie_api/app/middleware.py:26]
[2018-10-13 14:09:51 +0530] [20192] [INFO] GET /search/dabang66 404 Not Found [in /home/sandip/movie_api/app/middleware.py:26]
[2018-10-13 14:09:51 +0530] [20192] [INFO] GET /search/dabang66 404 Not Found [in /home/sandip/movie_api/app/middleware.py:26]
[2018-10-13 14:09:51 +0530] [20186] [INFO] GET /search/dabang66 404 Not Found [in /home/sandip/movie_api/app/middleware.py:26]
[2018-10-13 14:10:23 +0530] [20192] [INFO] GET /search/dabang66 404 Not Found [in /home/sandip/movie_api/app/middleware.py:26]
[2018-10-13 14:10:24 +0530] [20189] [INFO] GET /search/dabang66 404 Not Found [in /home/sandip/movie_api/app/middleware.py:26]
[2018-10-13 14:10:24 +0530] [20186] [INFO] GET /search/dabang66 404 Not Found [in /home/sandip/movie_api/app/middleware.py:26]
[2018-10-13 14:10:24 +0530] [20192] [INFO] GET /search/dabang66 404 Not Found [in /home/sandip/movie_api/app/middleware.py:26]
[2018-10-13 14:10:27 +0530] [20192] [INFO] GET /search/dabang66 404 Not Found [in /home/sandip/movie_api/app/middleware.py:26]
[2018-10-13 14:10:28 +0530] [20186] [INFO] GET /search/dabang66 404 Not Found [in /home/sandip/movie_api/app/middleware.py:26]
[2018-10-13 14:10:29 +0530] [20186] [INFO] GET /search/dabang66 404 Not Found [in /home/sandip/movie_api/app/middleware.py:26]
[2018-10-13 14:10:29 +0530] [20189] [INFO] GET /search/dabang66 404 Not Found [in /home/sandip/movie_api/app/middleware.py:26]
[2018-10-13 14:10:29 +0530] [20192] [INFO] GET /search/dabang66 404 Not Found [in /home/sandip/movie_api/app/middleware.py:26]
[2018-10-13 14:10:30 +0530] [20189] [INFO] GET /search/dabang66 404 Not Found [in /home/sandip/movie_api/app/middleware.py:26]
[2018-10-13 14:10:30 +0530] [20189] [INFO] GET /search/dabang66 404 Not Found [in /home/sandip/movie_api/app/middleware.py:26]
[2018-10-13 14:10:30 +0530] [20186] [INFO] GET /search/dabang66 404 Not Found [in /home/sandip/movie_api/app/middleware.py:26]
[2018-10-13 14:10:30 +0530] [20186] [INFO] GET /search/dabang66 404 Not Found [in /home/sandip/movie_api/app/middleware.py:26]
[2018-10-13 14:10:30 +0530] [20192] [INFO] GET /search/dabang66 404 Not Found [in /home/sandip/movie_api/app/middleware.py:26]
[2018-10-13 14:10:31 +0530] [20186] [INFO] GET /search/dabang66 404 Not Found [in /home/sandip/movie_api/app/middleware.py:26]
[2018-10-13 14:10:31 +0530] [20189] [INFO] GET /search/dabang66 404 Not Found [in /home/sandip/movie_api/app/middleware.py:26]
[2018-10-13 14:10:37 +0530] [20192] [INFO] GET /movies 200 OK [in /home/sandip/movie_api/app/middleware.py:26]
[2018-10-13 14:10:42 +0530] [20186] [INFO] POST /movies 200 OK [in /home/sandip/movie_api/app/middleware.py:26]
[2018-10-13 14:10:44 +0530] [20189] [INFO] POST /movies 400 Bad Request [in /home/sandip/movie_api/app/middleware.py:26]
[2018-10-13 14:10:45 +0530] [20186] [INFO] POST /movies 400 Bad Request [in /home/sandip/movie_api/app/middleware.py:26]
[2018-10-13 14:15:16 +0530] [20192] [INFO] POST /movies 400 Bad Request [in /home/sandip/movie_api/app/middleware.py:26]
[2018-10-13 14:15:17 +0530] [20189] [INFO] POST /movies 400 Bad Request [in /home/sandip/movie_api/app/middleware.py:26]
[2018-10-13 14:15:23 +0530] [20186] [INFO] GET /search/dabang66 200 OK [in /home/sandip/movie_api/app/middleware.py:26]
[2018-10-13 14:15:24 +0530] [20192] [INFO] GET /search/dabang66 200 OK [in /home/sandip/movie_api/app/middleware.py:26]
[2018-10-13 14:15:25 +0530] [20186] [INFO] GET /search/dabang66 200 OK [in /home/sandip/movie_api/app/middleware.py:26]
[2018-10-13 14:15:40 +0530] [20192] [INFO] GET /search/dabang66 200 OK [in /home/sandip/movie_api/app/middleware.py:26]
[2018-10-13 14:15:56 +0530] [20189] [INFO] GET /movies 200 OK [in /home/sandip/movie_api/app/middleware.py:26]
[2018-10-13 14:15:58 +0530] [20186] [INFO] GET /movies 200 OK [in /home/sandip/movie_api/app/middleware.py:26]
[2018-10-13 14:20:50 +0530] [20192] [INFO] GET /movies 200 OK [in /home/sandip/movie_api/app/middleware.py:26]
[2018-10-13 14:20:51 +0530] [20186] [INFO] GET /movies 200 OK [in /home/sandip/movie_api/app/middleware.py:26]
[2018-10-13 14:20:52 +0530] [20192] [INFO] GET /movies 200 OK [in /home/sandip/movie_api/app/middleware.py:26]
[2018-10-13 14:31:41 +0530] [21299] [INFO] GET /movies 401 Unauthorized [in /home/sandip/movie_api/app/middleware.py:26]
[2018-10-13 14:31:43 +0530] [21299] [INFO] GET /movies 401 Unauthorized [in /home/sandip/movie_api/app/middleware.py:26]
[2018-10-13 14:31:43 +0530] [21296] [INFO] GET /movies 401 Unauthorized [in /home/sandip/movie_api/app/middleware.py:26]
[2018-10-13 14:31:45 +0530] [21296] [INFO] GET /movies 401 Unauthorized [in /home/sandip/movie_api/app/middleware.py:26]
[2018-10-13 14:31:51 +0530] [21299] [INFO] GET /movies 401 Unauthorized [in /home/sandip/movie_api/app/middleware.py:26]
[2018-10-13 14:31:51 +0530] [21280] [INFO] GET /movies 401 Unauthorized [in /home/sandip/movie_api/app/middleware.py:26]
[2018-10-13 14:31:56 +0530] [21299] [INFO] GET /search/dabang66 401 Unauthorized [in /home/sandip/movie_api/app/middleware.py:26]
[2018-10-13 14:31:56 +0530] [21299] [INFO] GET /search/dabang66 401 Unauthorized [in /home/sandip/movie_api/app/middleware.py:26]
[2018-10-13 14:31:59 +0530] [21296] [INFO] DELETE /movies/dabang66 401 Unauthorized [in /home/sandip/movie_api/app/middleware.py:26]
[2018-10-13 14:32:00 +0530] [21299] [INFO] DELETE /movies/dabang66 401 Unauthorized [in /home/sandip/movie_api/app/middleware.py:26]
[2018-10-13 14:32:06 +0530] [21296] [INFO] POST /movies 401 Unauthorized [in /home/sandip/movie_api/app/middleware.py:26]
[2018-10-13 14:32:07 +0530] [21296] [INFO] POST /movies 401 Unauthorized [in /home/sandip/movie_api/app/middleware.py:26]
[2018-10-13 14:32:59 +0530] [21296] [INFO] PUT /movies 401 Unauthorized [in /home/sandip/movie_api/app/middleware.py:26]
[2018-10-13 14:33:28 +0530] [21296] [INFO] PUT /movies 200 OK [in /home/sandip/movie_api/app/middleware.py:26]
[2018-10-13 14:33:29 +0530] [21280] [INFO] PUT /movies 200 OK [in /home/sandip/movie_api/app/middleware.py:26]
[2018-10-13 14:33:44 +0530] [21296] [INFO] PUT /movies 200 OK [in /home/sandip/movie_api/app/middleware.py:26]
[2018-10-13 14:33:45 +0530] [21299] [INFO] PUT /movies 200 OK [in /home/sandip/movie_api/app/middleware.py:26]
[2018-10-13 14:33:45 +0530] [21280] [INFO] PUT /movies 200 OK [in /home/sandip/movie_api/app/middleware.py:26]
[2018-10-13 14:33:45 +0530] [21299] [INFO] PUT /movies 200 OK [in /home/sandip/movie_api/app/middleware.py:26]
[2018-10-13 14:33:45 +0530] [21280] [INFO] PUT /movies 200 OK [in /home/sandip/movie_api/app/middleware.py:26]
[2018-10-13 14:34:18 +0530] [21296] [INFO] PUT /movies 200 OK [in /home/sandip/movie_api/app/middleware.py:26]
[2018-10-13 14:34:19 +0530] [21280] [INFO] PUT /movies 200 OK [in /home/sandip/movie_api/app/middleware.py:26]
[2018-10-13 14:34:19 +0530] [21299] [INFO] PUT /movies 200 OK [in /home/sandip/movie_api/app/middleware.py:26]
[2018-10-13 14:34:19 +0530] [21299] [INFO] PUT /movies 200 OK [in /home/sandip/movie_api/app/middleware.py:26]
[2018-10-13 14:34:19 +0530] [21296] [INFO] PUT /movies 200 OK [in /home/sandip/movie_api/app/middleware.py:26]
[2018-10-13 14:34:19 +0530] [21296] [INFO] PUT /movies 200 OK [in /home/sandip/movie_api/app/middleware.py:26]
[2018-10-13 14:34:20 +0530] [21299] [INFO] PUT /movies 200 OK [in /home/sandip/movie_api/app/middleware.py:26]
[2018-10-13 14:34:20 +0530] [21296] [INFO] PUT /movies 200 OK [in /home/sandip/movie_api/app/middleware.py:26]
[2018-10-13 14:34:21 +0530] [21296] [INFO] PUT /movies 200 OK [in /home/sandip/movie_api/app/middleware.py:26]
[2018-10-13 14:34:21 +0530] [21299] [INFO] PUT /movies 200 OK [in /home/sandip/movie_api/app/middleware.py:26]
[2018-10-13 14:34:22 +0530] [21296] [INFO] PUT /movies 200 OK [in /home/sandip/movie_api/app/middleware.py:26]
[2018-10-13 14:34:22 +0530] [21280] [INFO] PUT /movies 200 OK [in /home/sandip/movie_api/app/middleware.py:26]
[2018-10-13 14:34:22 +0530] [21280] [INFO] PUT /movies 200 OK [in /home/sandip/movie_api/app/middleware.py:26]
[2018-10-13 14:34:29 +0530] [21299] [INFO] POST /movies 401 Unauthorized [in /home/sandip/movie_api/app/middleware.py:26]
[2018-10-13 14:34:29 +0530] [21299] [INFO] POST /movies 401 Unauthorized [in /home/sandip/movie_api/app/middleware.py:26]
[2018-10-13 14:34:30 +0530] [21299] [INFO] POST /movies 401 Unauthorized [in /home/sandip/movie_api/app/middleware.py:26]
[2018-10-13 14:34:30 +0530] [21296] [INFO] POST /movies 401 Unauthorized [in /home/sandip/movie_api/app/middleware.py:26]
[2018-10-13 14:34:33 +0530] [21299] [INFO] DELETE /movies/dabang66 401 Unauthorized [in /home/sandip/movie_api/app/middleware.py:26]
[2018-10-13 14:34:34 +0530] [21296] [INFO] DELETE /movies/dabang66 401 Unauthorized [in /home/sandip/movie_api/app/middleware.py:26]
[2018-10-13 14:34:35 +0530] [21280] [INFO] DELETE /movies/dabang66 401 Unauthorized [in /home/sandip/movie_api/app/middleware.py:26]
[2018-10-13 14:34:35 +0530] [21296] [INFO] DELETE /movies/dabang66 401 Unauthorized [in /home/sandip/movie_api/app/middleware.py:26]
[2018-10-13 14:34:35 +0530] [21299] [INFO] DELETE /movies/dabang66 401 Unauthorized [in /home/sandip/movie_api/app/middleware.py:26]
[2018-10-13 14:34:36 +0530] [21280] [INFO] DELETE /movies/dabang66 401 Unauthorized [in /home/sandip/movie_api/app/middleware.py:26]
[2018-10-13 14:34:39 +0530] [21299] [INFO] GET /movies 401 Unauthorized [in /home/sandip/movie_api/app/middleware.py:26]
[2018-10-13 14:34:39 +0530] [21280] [INFO] GET /movies 401 Unauthorized [in /home/sandip/movie_api/app/middleware.py:26]
[2018-10-13 14:34:40 +0530] [21299] [INFO] GET /movies 401 Unauthorized [in /home/sandip/movie_api/app/middleware.py:26]
[2018-10-13 14:34:43 +0530] [21296] [INFO] GET /search/dabang66 401 Unauthorized [in /home/sandip/movie_api/app/middleware.py:26]
[2018-10-13 14:34:43 +0530] [21299] [INFO] GET /search/dabang66 401 Unauthorized [in /home/sandip/movie_api/app/middleware.py:26]
[2018-10-13 14:34:44 +0530] [21296] [INFO] GET /search/dabang66 401 Unauthorized [in /home/sandip/movie_api/app/middleware.py:26]
[2018-10-13 14:34:44 +0530] [21299] [INFO] GET /search/dabang66 401 Unauthorized [in /home/sandip/movie_api/app/middleware.py:26]
[2018-10-13 14:34:44 +0530] [21299] [INFO] GET /search/dabang66 401 Unauthorized [in /home/sandip/movie_api/app/middleware.py:26]
[2018-10-13 14:39:00 +0530] [22331] [INFO] GET /search/dabang66 401 Unauthorized [in /home/sandip/movie_api/app/middleware.py:26]
[2018-10-13 14:39:01 +0530] [22331] [INFO] GET /search/dabang66 401 Unauthorized [in /home/sandip/movie_api/app/middleware.py:26]
[2018-10-13 14:39:02 +0530] [22315] [INFO] GET /search/dabang66 401 Unauthorized [in /home/sandip/movie_api/app/middleware.py:26]
[2018-10-13 14:39:09 +0530] [22317] [INFO] GET /movies 401 Unauthorized [in /home/sandip/movie_api/app/middleware.py:26]
[2018-10-13 14:39:10 +0530] [22331] [INFO] GET /movies 401 Unauthorized [in /home/sandip/movie_api/app/middleware.py:26]
[2018-10-13 14:39:10 +0530] [22312] [INFO] GET /movies 401 Unauthorized [in /home/sandip/movie_api/app/middleware.py:26]
[2018-10-13 14:39:14 +0530] [22315] [INFO] DELETE /movies/dabang66 401 Unauthorized [in /home/sandip/movie_api/app/middleware.py:26]
[2018-10-13 14:39:17 +0530] [22317] [INFO] PUT /movies 200 OK [in /home/sandip/movie_api/app/middleware.py:26]
[2018-10-13 14:39:19 +0530] [22315] [INFO] PUT /movies 200 OK [in /home/sandip/movie_api/app/middleware.py:26]
[2018-10-13 14:39:19 +0530] [22315] [INFO] PUT /movies 200 OK [in /home/sandip/movie_api/app/middleware.py:26]
[2018-10-13 14:39:20 +0530] [22317] [INFO] PUT /movies 200 OK [in /home/sandip/movie_api/app/middleware.py:26]
[2018-10-13 14:39:21 +0530] [22312] [INFO] PUT /movies 200 OK [in /home/sandip/movie_api/app/middleware.py:26]
[2018-10-13 14:40:34 +0530] [22312] [INFO] PUT /movies 200 OK [in /home/sandip/movie_api/app/middleware.py:26]
[2018-10-13 14:40:35 +0530] [22331] [INFO] PUT /movies 200 OK [in /home/sandip/movie_api/app/middleware.py:26]
[2018-10-13 14:40:35 +0530] [22317] [INFO] PUT /movies 200 OK [in /home/sandip/movie_api/app/middleware.py:26]
[2018-10-13 14:40:35 +0530] [22315] [INFO] PUT /movies 200 OK [in /home/sandip/movie_api/app/middleware.py:26]
[2018-10-13 14:40:35 +0530] [22331] [INFO] PUT /movies 200 OK [in /home/sandip/movie_api/app/middleware.py:26]
[2018-10-13 14:40:36 +0530] [22312] [INFO] PUT /movies 200 OK [in /home/sandip/movie_api/app/middleware.py:26]
[2018-10-13 14:40:36 +0530] [22317] [INFO] PUT /movies 200 OK [in /home/sandip/movie_api/app/middleware.py:26]
[2018-10-13 14:40:53 +0530] [22331] [INFO] PUT /movies 401 Unauthorized [in /home/sandip/movie_api/app/middleware.py:26]
[2018-10-13 14:40:54 +0530] [22315] [INFO] PUT /movies 401 Unauthorized [in /home/sandip/movie_api/app/middleware.py:26]
[2018-10-13 14:40:55 +0530] [22331] [INFO] PUT /movies 401 Unauthorized [in /home/sandip/movie_api/app/middleware.py:26]
[2018-10-13 14:40:55 +0530] [22312] [INFO] PUT /movies 401 Unauthorized [in /home/sandip/movie_api/app/middleware.py:26]
[2018-10-13 14:40:55 +0530] [22317] [INFO] PUT /movies 401 Unauthorized [in /home/sandip/movie_api/app/middleware.py:26]
[2018-10-13 14:40:55 +0530] [22315] [INFO] PUT /movies 401 Unauthorized [in /home/sandip/movie_api/app/middleware.py:26]
[2018-10-13 14:40:55 +0530] [22331] [INFO] PUT /movies 401 Unauthorized [in /home/sandip/movie_api/app/middleware.py:26]
[2018-10-13 14:40:56 +0530] [22312] [INFO] PUT /movies 401 Unauthorized [in /home/sandip/movie_api/app/middleware.py:26]
[2018-10-13 14:40:56 +0530] [22315] [INFO] PUT /movies 401 Unauthorized [in /home/sandip/movie_api/app/middleware.py:26]
[2018-10-13 14:40:57 +0530] [22315] [INFO] PUT /movies 401 Unauthorized [in /home/sandip/movie_api/app/middleware.py:26]
[2018-10-13 14:40:57 +0530] [22315] [INFO] PUT /movies 401 Unauthorized [in /home/sandip/movie_api/app/middleware.py:26]
[2018-10-13 14:40:57 +0530] [22317] [INFO] PUT /movies 401 Unauthorized [in /home/sandip/movie_api/app/middleware.py:26]
[2018-10-13 14:40:57 +0530] [22331] [INFO] PUT /movies 401 Unauthorized [in /home/sandip/movie_api/app/middleware.py:26]
[2018-10-13 14:42:43 +0530] [22441] [INFO] PUT /movies 401 Unauthorized [in /home/sandip/movie_api/app/middleware.py:26]
[2018-10-13 14:42:44 +0530] [22447] [INFO] PUT /movies 401 Unauthorized [in /home/sandip/movie_api/app/middleware.py:26]
[2018-10-13 14:42:44 +0530] [22444] [INFO] PUT /movies 401 Unauthorized [in /home/sandip/movie_api/app/middleware.py:26]
[2018-10-13 14:42:45 +0530] [22450] [INFO] PUT /movies 401 Unauthorized [in /home/sandip/movie_api/app/middleware.py:26]
[2018-10-13 14:42:51 +0530] [22441] [INFO] PUT /movies 200 OK [in /home/sandip/movie_api/app/middleware.py:26]
[2018-10-13 14:42:53 +0530] [22444] [INFO] PUT /movies 200 OK [in /home/sandip/movie_api/app/middleware.py:26]
[2018-10-13 14:44:14 +0530] [22500] [INFO] PUT /movies 200 OK [in /home/sandip/movie_api/app/middleware.py:26]
[2018-10-13 14:44:58 +0530] [22528] [INFO] PUT /movies 200 OK [in /home/sandip/movie_api/app/middleware.py:26]
[2018-10-13 14:44:59 +0530] [22534] [INFO] PUT /movies 200 OK [in /home/sandip/movie_api/app/middleware.py:26]
[2018-10-13 14:45:00 +0530] [22534] [INFO] PUT /movies 200 OK [in /home/sandip/movie_api/app/middleware.py:26]
[2018-10-13 14:45:00 +0530] [22525] [INFO] PUT /movies 200 OK [in /home/sandip/movie_api/app/middleware.py:26]
[2018-10-13 14:45:00 +0530] [22534] [INFO] PUT /movies 200 OK [in /home/sandip/movie_api/app/middleware.py:26]
[2018-10-13 14:45:03 +0530] [22534] [INFO] PUT /movies 200 OK [in /home/sandip/movie_api/app/middleware.py:26]
[2018-10-13 14:45:03 +0530] [22534] [INFO] PUT /movies 200 OK [in /home/sandip/movie_api/app/middleware.py:26]
[2018-10-13 14:45:04 +0530] [22534] [INFO] PUT /movies 200 OK [in /home/sandip/movie_api/app/middleware.py:26]
[2018-10-13 14:45:04 +0530] [22528] [INFO] PUT /movies 200 OK [in /home/sandip/movie_api/app/middleware.py:26]
[2018-10-13 14:45:04 +0530] [22534] [INFO] PUT /movies 200 OK [in /home/sandip/movie_api/app/middleware.py:26]
[2018-10-13 14:45:05 +0530] [22534] [INFO] PUT /movies 200 OK [in /home/sandip/movie_api/app/middleware.py:26]
[2018-10-13 17:14:06 +0530] [20714] [INFO] GET /api/search/dabang66 200 OK [in /home/sandip/movie_api/app/middleware.py:27]
[2018-10-13 17:14:07 +0530] [20714] [INFO] GET /api/search/dabang66 200 OK [in /home/sandip/movie_api/app/middleware.py:27]
[2018-10-13 17:14:08 +0530] [20714] [INFO] GET /api/search/dabang66 200 OK [in /home/sandip/movie_api/app/middleware.py:27]
[2018-10-13 17:14:33 +0530] [20730] [INFO] GET /api/movies 200 OK [in /home/sandip/movie_api/app/middleware.py:27]
[2018-10-13 17:14:35 +0530] [20730] [INFO] GET /api/movies 200 OK [in /home/sandip/movie_api/app/middleware.py:27]
[2018-10-13 17:14:45 +0530] [20730] [INFO] GET /api/movies 200 OK [in /home/sandip/movie_api/app/middleware.py:27]
[2018-10-13 17:14:57 +0530] [20730] [INFO] GET /api/search/dabang66 200 OK [in /home/sandip/movie_api/app/middleware.py:27]
[2018-10-13 17:14:58 +0530] [20730] [INFO] GET /api/search/dabang66 200 OK [in /home/sandip/movie_api/app/middleware.py:27]
[2018-10-13 17:15:08 +0530] [20730] [INFO] GET /api/search/dabang6699 404 Not Found [in /home/sandip/movie_api/app/middleware.py:27]
[2018-10-13 17:15:09 +0530] [20730] [INFO] GET /api/search/dabang6699 404 Not Found [in /home/sandip/movie_api/app/middleware.py:27]
[2018-10-13 17:15:10 +0530] [20730] [INFO] GET /api/search/dabang6699 404 Not Found [in /home/sandip/movie_api/app/middleware.py:27]
[2018-10-13 17:15:10 +0530] [20730] [INFO] GET /api/search/dabang6699 404 Not Found [in /home/sandip/movie_api/app/middleware.py:27]
[2018-10-13 17:15:14 +0530] [20730] [INFO] GET /api/search/dabang66 200 OK [in /home/sandip/movie_api/app/middleware.py:27]
[2018-10-13 17:15:15 +0530] [20730] [INFO] GET /api/search/dabang66 200 OK [in /home/sandip/movie_api/app/middleware.py:27]
[2018-10-13 17:15:19 +0530] [20730] [INFO] GET /api/movies 200 OK [in /home/sandip/movie_api/app/middleware.py:27]
[2018-10-13 17:15:23 +0530] [20730] [INFO] GET /api/movies/kk 200 OK [in /home/sandip/movie_api/app/middleware.py:27]
[2018-10-13 17:17:04 +0530] [20880] [INFO] GET /api/movies/kk 200 OK [in /home/sandip/movie_api/app/middleware.py:27]
[2018-10-13 17:17:05 +0530] [20880] [INFO] GET /api/movies/kk 200 OK [in /home/sandip/movie_api/app/middleware.py:27]
[2018-10-13 17:19:09 +0530] [20973] [INFO] GET /api/movies/kk 200 OK [in /home/sandip/movie_api/app/middleware.py:27]
[2018-10-13 17:19:09 +0530] [20973] [INFO] GET /api/movies/kk 200 OK [in /home/sandip/movie_api/app/middleware.py:27]
[2018-10-13 17:19:10 +0530] [20973] [INFO] GET /api/movies/kk 200 OK [in /home/sandip/movie_api/app/middleware.py:27]
[2018-10-13 17:19:30 +0530] [20998] [INFO] GET /api/movies/kk 200 OK [in /home/sandip/movie_api/app/middleware.py:27]
[2018-10-13 17:19:32 +0530] [20998] [INFO] GET /api/movies/kk 200 OK [in /home/sandip/movie_api/app/middleware.py:27]
[2018-10-13 17:25:19 +0530] [21142] [INFO] GET /api/movies/kk 404 Not Found [in /home/sandip/movie_api/app/middleware.py:27]
[2018-10-13 17:25:20 +0530] [21142] [INFO] GET /api/movies/kk 404 Not Found [in /home/sandip/movie_api/app/middleware.py:27]
[2018-10-13 17:25:30 +0530] [21142] [INFO] POST /api/movies/lll 404 Not Found [in /home/sandip/movie_api/app/middleware.py:27]
[2018-10-13 17:25:31 +0530] [21142] [INFO] POST /api/movies/lll 404 Not Found [in /home/sandip/movie_api/app/middleware.py:27]
[2018-10-13 17:25:39 +0530] [21142] [INFO] POST /api/user/kk 404 Not Found [in /home/sandip/movie_api/app/middleware.py:27]
[2018-10-13 17:25:40 +0530] [21142] [INFO] POST /api/user/kk 404 Not Found [in /home/sandip/movie_api/app/middleware.py:27]
[2018-10-13 17:25:44 +0530] [21142] [INFO] POST /api/user 404 Not Found [in /home/sandip/movie_api/app/middleware.py:27]
[2018-10-13 17:25:45 +0530] [21142] [INFO] POST /api/user 404 Not Found [in /home/sandip/movie_api/app/middleware.py:27]
[2018-10-13 17:25:50 +0530] [21142] [INFO] PUT /movies 404 Not Found [in /home/sandip/movie_api/app/middleware.py:27]
[2018-10-13 17:25:51 +0530] [21142] [INFO] PUT /movies 404 Not Found [in /home/sandip/movie_api/app/middleware.py:27]
[2018-10-13 17:25:58 +0530] [21142] [INFO] PUT /api/movies 200 OK [in /home/sandip/movie_api/app/middleware.py:27]
[2018-10-13 17:25:59 +0530] [21142] [INFO] PUT /api/movies 200 OK [in /home/sandip/movie_api/app/middleware.py:27]
[2018-10-13 17:25:59 +0530] [21142] [INFO] PUT /api/movies 200 OK [in /home/sandip/movie_api/app/middleware.py:27]
[2018-10-13 17:26:03 +0530] [21142] [INFO] PUT /api/movies/ll 404 Not Found [in /home/sandip/movie_api/app/middleware.py:27]
[2018-10-13 17:26:16 +0530] [21142] [INFO] DELETE /api/movies/ll 404 Not Found [in /home/sandip/movie_api/app/middleware.py:27]
[2018-10-13 17:26:17 +0530] [21142] [INFO] DELETE /api/movies/ll 404 Not Found [in /home/sandip/movie_api/app/middleware.py:27]
[2018-10-13 17:26:18 +0530] [21142] [INFO] DELETE /api/movies/ll 404 Not Found [in /home/sandip/movie_api/app/middleware.py:27]
[2018-10-13 17:26:21 +0530] [21142] [INFO] DELETE /api/movies 200 OK [in /home/sandip/movie_api/app/middleware.py:27]
[2018-10-13 17:26:22 +0530] [21142] [INFO] DELETE /api/movies 200 OK [in /home/sandip/movie_api/app/middleware.py:27]
[2018-10-13 17:26:54 +0530] [21142] [INFO] POST /api/search/dabang66 400 Bad Request [in /home/sandip/movie_api/app/middleware.py:27]
[2018-10-13 17:26:56 +0530] [21142] [INFO] POST /api/search/dabang66 400 Bad Request [in /home/sandip/movie_api/app/middleware.py:27]
[2018-10-13 17:26:57 +0530] [21142] [INFO] POST /api/search/dabang66 400 Bad Request [in /home/sandip/movie_api/app/middleware.py:27]
[2018-10-13 17:27:52 +0530] [21142] [INFO] DELETE /api/search/dabang66 405 Method Not Allowed [in /home/sandip/movie_api/app/middleware.py:27]
[2018-10-13 17:27:53 +0530] [21142] [INFO] DELETE /api/search/dabang66 405 Method Not Allowed [in /home/sandip/movie_api/app/middleware.py:27]
[2018-10-13 17:28:10 +0530] [21142] [INFO] POST /api/search/dabang66 405 Method Not Allowed [in /home/sandip/movie_api/app/middleware.py:27]
[2018-10-13 17:28:12 +0530] [21142] [INFO] POST /api/search/dabang66 405 Method Not Allowed [in /home/sandip/movie_api/app/middleware.py:27]
[2018-10-13 17:28:24 +0530] [21142] [INFO] PUT /api/search/dabang66 405 Method Not Allowed [in /home/sandip/movie_api/app/middleware.py:27]
[2018-10-13 17:28:29 +0530] [21142] [INFO] GET /api/search/dabang66 200 OK [in /home/sandip/movie_api/app/middleware.py:27]
[2018-10-13 17:28:33 +0530] [21142] [INFO] GET /api/search/dabang66 200 OK [in /home/sandip/movie_api/app/middleware.py:27]
[2018-10-13 17:41:01 +0530] [30931] [INFO] DELETE /movies/dabang66 404 Not Found [in /home/sandip/movie_api/app/middleware.py:27]
[2018-10-13 17:41:02 +0530] [30931] [INFO] DELETE /movies/dabang66 404 Not Found [in /home/sandip/movie_api/app/middleware.py:27]
[2018-10-13 17:41:03 +0530] [30931] [INFO] DELETE /movies/dabang66 404 Not Found [in /home/sandip/movie_api/app/middleware.py:27]
[2018-10-13 17:41:17 +0530] [30931] [INFO] DELETE /api/delete/dabang66 200 OK [in /home/sandip/movie_api/app/middleware.py:27]
[2018-10-13 17:41:18 +0530] [30931] [INFO] DELETE /api/delete/dabang66 404 Not Found [in /home/sandip/movie_api/app/middleware.py:27]
[2018-10-13 17:41:19 +0530] [30931] [INFO] DELETE /api/delete/dabang66 404 Not Found [in /home/sandip/movie_api/app/middleware.py:27]
[2018-10-13 17:41:25 +0530] [30931] [INFO] GET /api/delete/dabang66 405 Method Not Allowed [in /home/sandip/movie_api/app/middleware.py:27]
[2018-10-13 17:41:27 +0530] [30931] [INFO] GET /api/delete/dabang66 405 Method Not Allowed [in /home/sandip/movie_api/app/middleware.py:27]
[2018-10-13 17:41:33 +0530] [30931] [INFO] DELETE /api/delete/dabang66 404 Not Found [in /home/sandip/movie_api/app/middleware.py:27]
[2018-10-13 17:41:56 +0530] [30931] [INFO] GET /api/search/dabang66 404 Not Found [in /home/sandip/movie_api/app/middleware.py:27]
[2018-10-13 17:41:57 +0530] [30931] [INFO] GET /api/search/dabang66 404 Not Found [in /home/sandip/movie_api/app/middleware.py:27]
[2018-10-13 17:41:58 +0530] [30931] [INFO] GET /api/search/dabang66 404 Not Found [in /home/sandip/movie_api/app/middleware.py:27]
[2018-10-13 17:42:02 +0530] [30931] [INFO] GET /api/search/dabang6 404 Not Found [in /home/sandip/movie_api/app/middleware.py:27]
[2018-10-13 17:42:03 +0530] [30931] [INFO] GET /api/search/dabang6 404 Not Found [in /home/sandip/movie_api/app/middleware.py:27]
[2018-10-13 17:42:03 +0530] [30931] [INFO] GET /api/search/dabang6 404 Not Found [in /home/sandip/movie_api/app/middleware.py:27]
[2018-10-13 17:42:05 +0530] [30931] [INFO] GET /api/search/dabang 404 Not Found [in /home/sandip/movie_api/app/middleware.py:27]
[2018-10-13 17:42:06 +0530] [30931] [INFO] GET /api/search/dabang 404 Not Found [in /home/sandip/movie_api/app/middleware.py:27]
[2018-10-13 17:42:06 +0530] [30931] [INFO] GET /api/search/dabang 404 Not Found [in /home/sandip/movie_api/app/middleware.py:27]
[2018-10-13 17:42:11 +0530] [30931] [INFO] GET /api/search/dabang66 404 Not Found [in /home/sandip/movie_api/app/middleware.py:27]
[2018-10-13 17:42:18 +0530] [30931] [INFO] DELETE /api/search/dabang66 405 Method Not Allowed [in /home/sandip/movie_api/app/middleware.py:27]
[2018-10-13 17:42:19 +0530] [30931] [INFO] DELETE /api/search/dabang66 405 Method Not Allowed [in /home/sandip/movie_api/app/middleware.py:27]
[2018-10-13 17:42:19 +0530] [30931] [INFO] DELETE /api/search/dabang66 405 Method Not Allowed [in /home/sandip/movie_api/app/middleware.py:27]
[2018-10-13 17:42:23 +0530] [30931] [INFO] GET /api/search/dabang66 404 Not Found [in /home/sandip/movie_api/app/middleware.py:27]
[2018-10-13 17:43:10 +0530] [30931] [INFO] GET /api/movies/kk 404 Not Found [in /home/sandip/movie_api/app/middleware.py:27]
[2018-10-13 17:43:11 +0530] [30931] [INFO] GET /api/movies/kk 404 Not Found [in /home/sandip/movie_api/app/middleware.py:27]
[2018-10-13 17:43:15 +0530] [30931] [INFO] GET /api/movies 200 OK [in /home/sandip/movie_api/app/middleware.py:27]
[2018-10-13 17:43:20 +0530] [30931] [INFO] POST /api/movies/lll 404 Not Found [in /home/sandip/movie_api/app/middleware.py:27]
[2018-10-13 17:43:21 +0530] [30931] [INFO] POST /api/movies/lll 404 Not Found [in /home/sandip/movie_api/app/middleware.py:27]
[2018-10-13 17:43:24 +0530] [30931] [INFO] POST /api/movies 200 OK [in /home/sandip/movie_api/app/middleware.py:27]
[2018-10-13 17:43:25 +0530] [30931] [INFO] POST /api/movies 400 Bad Request [in /home/sandip/movie_api/app/middleware.py:27]
[2018-10-13 17:43:26 +0530] [30931] [INFO] POST /api/movies 400 Bad Request [in /home/sandip/movie_api/app/middleware.py:27]
[2018-10-13 17:43:43 +0530] [30931] [INFO] PUT /api/movies 200 OK [in /home/sandip/movie_api/app/middleware.py:27]
[2018-10-13 17:43:44 +0530] [30931] [INFO] PUT /api/movies 200 OK [in /home/sandip/movie_api/app/middleware.py:27]
[2018-10-13 17:43:45 +0530] [30931] [INFO] PUT /api/movies 200 OK [in /home/sandip/movie_api/app/middleware.py:27]
[2018-10-13 17:43:45 +0530] [30931] [INFO] PUT /api/movies 200 OK [in /home/sandip/movie_api/app/middleware.py:27]
[2018-10-13 17:43:49 +0530] [30931] [INFO] PUT /api/movies 200 OK [in /home/sandip/movie_api/app/middleware.py:27]
[2018-10-13 17:44:32 +0530] [30931] [INFO] GET /api/search/dabang66 200 OK [in /home/sandip/movie_api/app/middleware.py:27]
[2018-10-13 17:44:33 +0530] [30931] [INFO] GET /api/search/dabang66 200 OK [in /home/sandip/movie_api/app/middleware.py:27]
[2018-10-13 17:44:34 +0530] [30931] [INFO] GET /api/search/dabang66 200 OK [in /home/sandip/movie_api/app/middleware.py:27]
[2018-10-13 17:44:36 +0530] [30931] [INFO] GET /api/search/dabang66 200 OK [in /home/sandip/movie_api/app/middleware.py:27]
[2018-10-13 17:44:47 +0530] [30931] [INFO] DELETE /api/delete/dabang66/ooo 404 Not Found [in /home/sandip/movie_api/app/middleware.py:27]
[2018-10-13 17:44:49 +0530] [30931] [INFO] DELETE /api/delete/dabang66/ooo 404 Not Found [in /home/sandip/movie_api/app/middleware.py:27]
[2018-10-13 17:44:53 +0530] [30931] [INFO] DELETE /api/delete/dabang66 200 OK [in /home/sandip/movie_api/app/middleware.py:27]
[2018-10-13 17:44:54 +0530] [30931] [INFO] DELETE /api/delete/dabang66 404 Not Found [in /home/sandip/movie_api/app/middleware.py:27]
[2018-10-13 17:44:58 +0530] [30931] [INFO] DELETE /api/delete/dabang66 404 Not Found [in /home/sandip/movie_api/app/middleware.py:27]
[2018-10-13 17:44:59 +0530] [30931] [INFO] DELETE /api/delete/dabang66 404 Not Found [in /home/sandip/movie_api/app/middleware.py:27]
[2018-10-13 17:45:04 +0530] [30931] [INFO] POST /api/user 404 Not Found [in /home/sandip/movie_api/app/middleware.py:27]
[2018-10-13 17:45:05 +0530] [30931] [INFO] POST /api/user 404 Not Found [in /home/sandip/movie_api/app/middleware.py:27]
[2018-10-13 17:45:05 +0530] [30931] [INFO] POST /api/user 404 Not Found [in /home/sandip/movie_api/app/middleware.py:27]
[2018-10-13 17:47:17 +0530] [30931] [INFO] POST /api/movies 400 Bad Request [in /home/sandip/movie_api/app/middleware.py:27]
[2018-10-13 17:47:19 +0530] [30931] [INFO] POST /api/movies 400 Bad Request [in /home/sandip/movie_api/app/middleware.py:27]
[2018-10-13 17:50:46 +0530] [30931] [INFO] POST /api/movies 400 Bad Request [in /home/sandip/movie_api/app/middleware.py:27]
[2018-10-13 17:50:47 +0530] [30931] [INFO] POST /api/movies 400 Bad Request [in /home/sandip/movie_api/app/middleware.py:27]
[2018-10-13 17:50:59 +0530] [30931] [INFO] POST /api/movies 400 Bad Request [in /home/sandip/movie_api/app/middleware.py:27]
[2018-10-13 18:05:00 +0530] [14703] [INFO] POST /api/user 400 Bad Request [in /home/sandip/movie_api/app/middleware.py:27]
[2018-10-13 18:11:20 +0530] [21188] [INFO] POST /api/user 200 OK [in /home/sandip/movie_api/app/middleware.py:27]
[2018-10-13 18:11:38 +0530] [21179] [INFO] GET /api/movies 200 OK [in /home/sandip/movie_api/app/middleware.py:27]
[2018-10-13 18:12:41 +0530] [21975] [INFO] POST /api/user 400 Bad Request [in /home/sandip/movie_api/app/middleware.py:27]
[2018-10-13 18:12:43 +0530] [21975] [INFO] POST /api/user 400 Bad Request [in /home/sandip/movie_api/app/middleware.py:27]
[2018-10-13 18:12:44 +0530] [21975] [INFO] POST /api/user 400 Bad Request [in /home/sandip/movie_api/app/middleware.py:27]
[2018-10-13 18:13:58 +0530] [22780] [INFO] POST /api/user 200 OK [in /home/sandip/movie_api/app/middleware.py:27]
[2018-10-13 18:14:03 +0530] [22802] [INFO] POST /api/user 400 Bad Request [in /home/sandip/movie_api/app/middleware.py:27]
[2018-10-13 18:14:44 +0530] [22802] [INFO] POST /api/user 400 Bad Request [in /home/sandip/movie_api/app/middleware.py:27]
[2018-10-13 18:14:45 +0530] [22780] [INFO] POST /api/user 400 Bad Request [in /home/sandip/movie_api/app/middleware.py:27]
[2018-10-13 18:14:45 +0530] [22874] [INFO] POST /api/user 400 Bad Request [in /home/sandip/movie_api/app/middleware.py:27]
[2018-10-13 18:14:46 +0530] [22802] [INFO] POST /api/user 400 Bad Request [in /home/sandip/movie_api/app/middleware.py:27]
[2018-10-13 18:14:46 +0530] [22874] [INFO] POST /api/user 400 Bad Request [in /home/sandip/movie_api/app/middleware.py:27]
[2018-10-13 18:14:46 +0530] [22802] [INFO] POST /api/user 400 Bad Request [in /home/sandip/movie_api/app/middleware.py:27]
[2018-10-13 18:14:47 +0530] [22874] [INFO] POST /api/user 400 Bad Request [in /home/sandip/movie_api/app/middleware.py:27]
[2018-10-13 18:14:47 +0530] [22874] [INFO] POST /api/user 400 Bad Request [in /home/sandip/movie_api/app/middleware.py:27]
[2018-10-13 18:15:07 +0530] [23399] [INFO] POST /api/user 400 Bad Request [in /home/sandip/movie_api/app/middleware.py:27]
[2018-10-13 18:15:08 +0530] [23399] [INFO] POST /api/user 400 Bad Request [in /home/sandip/movie_api/app/middleware.py:27]
[2018-10-13 18:15:09 +0530] [23399] [INFO] POST /api/user 400 Bad Request [in /home/sandip/movie_api/app/middleware.py:27]
[2018-10-13 18:15:36 +0530] [23399] [INFO] DELETE /api/delete/dabang66 404 Not Found [in /home/sandip/movie_api/app/middleware.py:27]
[2018-10-13 18:15:36 +0530] [23399] [INFO] DELETE /api/delete/dabang66 404 Not Found [in /home/sandip/movie_api/app/middleware.py:27]
[2018-10-13 18:15:43 +0530] [23399] [INFO] GET /api/search/dabang66 404 Not Found [in /home/sandip/movie_api/app/middleware.py:27]
[2018-10-13 18:15:44 +0530] [23399] [INFO] GET /api/search/dabang66 404 Not Found [in /home/sandip/movie_api/app/middleware.py:27]
[2018-10-13 18:16:04 +0530] [23399] [INFO] PUT /api/movies 404 Not Found [in /home/sandip/movie_api/app/middleware.py:27]
[2018-10-13 18:16:05 +0530] [23399] [INFO] PUT /api/movies 404 Not Found [in /home/sandip/movie_api/app/middleware.py:27]
[2018-10-13 18:16:14 +0530] [23399] [INFO] POST /api/movies 200 OK [in /home/sandip/movie_api/app/middleware.py:27]
[2018-10-13 18:16:15 +0530] [23399] [INFO] POST /api/movies 400 Bad Request [in /home/sandip/movie_api/app/middleware.py:27]
[2018-10-13 18:16:17 +0530] [23399] [INFO] POST /api/movies 400 Bad Request [in /home/sandip/movie_api/app/middleware.py:27]
[2018-10-13 18:16:35 +0530] [23399] [INFO] POST /api/movies 400 Bad Request [in /home/sandip/movie_api/app/middleware.py:27]
[2018-10-13 18:16:40 +0530] [23399] [INFO] POST /api/movies 200 OK [in /home/sandip/movie_api/app/middleware.py:27]
[2018-10-13 18:16:41 +0530] [23399] [INFO] POST /api/movies 400 Bad Request [in /home/sandip/movie_api/app/middleware.py:27]
[2018-10-13 18:16:52 +0530] [23399] [INFO] GET /api/movies 200 OK [in /home/sandip/movie_api/app/middleware.py:27]
[2018-10-13 18:16:53 +0530] [23399] [INFO] GET /api/movies 200 OK [in /home/sandip/movie_api/app/middleware.py:27]
[2018-10-13 18:16:57 +0530] [23399] [INFO] POST /api/user 400 Bad Request [in /home/sandip/movie_api/app/middleware.py:27]
[2018-10-13 18:17:06 +0530] [23399] [INFO] POST /api/user 200 OK [in /home/sandip/movie_api/app/middleware.py:27]
[2018-10-13 18:17:08 +0530] [23399] [INFO] POST /api/user 400 Bad Request [in /home/sandip/movie_api/app/middleware.py:27]
[2018-10-13 18:17:09 +0530] [23399] [INFO] POST /api/user 400 Bad Request [in /home/sandip/movie_api/app/middleware.py:27]
[2018-10-13 18:17:15 +0530] [23399] [INFO] POST /api/user 400 Bad Request [in /home/sandip/movie_api/app/middleware.py:27]
[2018-10-13 18:17:16 +0530] [23399] [INFO] POST /api/user 400 Bad Request [in /home/sandip/movie_api/app/middleware.py:27]
[2018-10-13 18:17:23 +0530] [23399] [INFO] POST /api/user 400 Bad Request [in /home/sandip/movie_api/app/middleware.py:27]
[2018-10-13 18:17:24 +0530] [23399] [INFO] POST /api/user 400 Bad Request [in /home/sandip/movie_api/app/middleware.py:27]
[2018-10-13 18:17:32 +0530] [23399] [INFO] POST /api/user 400 Bad Request [in /home/sandip/movie_api/app/middleware.py:27]
[2018-10-13 18:17:33 +0530] [23399] [INFO] POST /api/user 400 Bad Request [in /home/sandip/movie_api/app/middleware.py:27]
[2018-10-13 18:17:37 +0530] [23399] [INFO] POST /api/user 400 Bad Request [in /home/sandip/movie_api/app/middleware.py:27]
[2018-10-13 18:17:38 +0530] [23399] [INFO] POST /api/user 400 Bad Request [in /home/sandip/movie_api/app/middleware.py:27]
[2018-10-13 18:19:00 +0530] [23399] [INFO] POST /api/user 400 Bad Request [in /home/sandip/movie_api/app/middleware.py:27]
[2018-10-13 18:19:05 +0530] [23399] [INFO] DELETE /api/delete/dabang66 200 OK [in /home/sandip/movie_api/app/middleware.py:27]
[2018-10-13 18:19:07 +0530] [23399] [INFO] DELETE /api/delete/dabang66 404 Not Found [in /home/sandip/movie_api/app/middleware.py:27]
[2018-10-13 18:19:08 +0530] [23399] [INFO] DELETE /api/delete/dabang66 404 Not Found [in /home/sandip/movie_api/app/middleware.py:27]
[2018-10-13 18:19:11 +0530] [23399] [INFO] DELETE /api/delete/dabang666 200 OK [in /home/sandip/movie_api/app/middleware.py:27]
[2018-10-13 18:19:12 +0530] [23399] [INFO] DELETE /api/delete/dabang666 404 Not Found [in /home/sandip/movie_api/app/middleware.py:27]
[2018-10-13 18:19:14 +0530] [23399] [INFO] DELETE /api/delete/dabang666 404 Not Found [in /home/sandip/movie_api/app/middleware.py:27]
[2018-10-13 18:38:38 +0530] [31250] [INFO] DELETE /api/delete/dabang666 404 Not Found [in /home/sandip/movie_api/app/middleware.py:27]
[2018-10-13 18:38:39 +0530] [31250] [INFO] DELETE /api/delete/dabang666 404 Not Found [in /home/sandip/movie_api/app/middleware.py:27]
[2018-10-13 18:38:41 +0530] [31250] [INFO] DELETE /api/delete/dabang666 404 Not Found [in /home/sandip/movie_api/app/middleware.py:27]
[2018-10-13 18:38:41 +0530] [31250] [INFO] DELETE /api/delete/dabang666 404 Not Found [in /home/sandip/movie_api/app/middleware.py:27]
[2018-10-13 18:38:49 +0530] [31250] [INFO] GET /api/movies 200 OK [in /home/sandip/movie_api/app/middleware.py:27]
[2018-10-13 18:39:49 +0530] [1148] [INFO] GET /api/movies 200 OK [in /home/sandip/movie_api/app/middleware.py:27]
[2018-10-13 18:39:51 +0530] [1148] [INFO] GET /api/movies 200 OK [in /home/sandip/movie_api/app/middleware.py:27]
[2018-10-13 18:39:55 +0530] [1148] [INFO] POST /api/movies 200 OK [in /home/sandip/movie_api/app/middleware.py:27]
[2018-10-13 18:39:56 +0530] [1148] [INFO] POST /api/movies 400 Bad Request [in /home/sandip/movie_api/app/middleware.py:27]
[2018-10-13 18:39:56 +0530] [1148] [INFO] POST /api/movies 400 Bad Request [in /home/sandip/movie_api/app/middleware.py:27]
[2018-10-13 18:39:57 +0530] [1148] [INFO] POST /api/movies 400 Bad Request [in /home/sandip/movie_api/app/middleware.py:27]
[2018-10-13 18:39:57 +0530] [1148] [INFO] POST /api/movies 400 Bad Request [in /home/sandip/movie_api/app/middleware.py:27]
[2018-10-13 18:40:24 +0530] [30692] [INFO] POST /api/movies 400 Bad Request [in /home/sandip/movie_api/app/middleware.py:27]
[2018-10-13 18:40:25 +0530] [30692] [INFO] POST /api/movies 400 Bad Request [in /home/sandip/movie_api/app/middleware.py:27]
[2018-10-13 18:40:26 +0530] [30768] [INFO] POST /api/movies 400 Bad Request [in /home/sandip/movie_api/app/middleware.py:27]
[2018-10-13 18:40:26 +0530] [30749] [INFO] POST /api/movies 400 Bad Request [in /home/sandip/movie_api/app/middleware.py:27]
[2018-10-13 18:40:26 +0530] [30749] [INFO] POST /api/movies 400 Bad Request [in /home/sandip/movie_api/app/middleware.py:27]
[2018-10-13 18:40:27 +0530] [30768] [INFO] POST /api/movies 400 Bad Request [in /home/sandip/movie_api/app/middleware.py:27]
[2018-10-13 18:40:37 +0530] [30749] [INFO] GET /api/movies 200 OK [in /home/sandip/movie_api/app/middleware.py:27]
[2018-10-13 18:40:38 +0530] [30768] [INFO] GET /api/movies 200 OK [in /home/sandip/movie_api/app/middleware.py:27]
[2018-10-13 18:40:50 +0530] [3285] [INFO] GET /api/movies 200 OK [in /home/sandip/movie_api/app/middleware.py:27]
[2018-10-13 18:40:52 +0530] [3285] [INFO] GET /api/movies 200 OK [in /home/sandip/movie_api/app/middleware.py:27]
[2018-10-13 18:42:25 +0530] [6454] [INFO] GET /api/movies 401 Unauthorized [in /home/sandip/movie_api/app/middleware.py:27]
[2018-10-13 18:42:26 +0530] [6867] [INFO] GET /api/movies 401 Unauthorized [in /home/sandip/movie_api/app/middleware.py:27]
[2018-10-13 18:42:27 +0530] [6867] [INFO] GET /api/movies 401 Unauthorized [in /home/sandip/movie_api/app/middleware.py:27]
[2018-10-13 18:42:28 +0530] [6454] [INFO] GET /api/movies 401 Unauthorized [in /home/sandip/movie_api/app/middleware.py:27]
[2018-10-13 18:43:48 +0530] [9373] [INFO] GET /api/movies 200 OK [in /home/sandip/movie_api/app/middleware.py:27]
[2018-10-13 18:43:50 +0530] [6828] [INFO] GET /api/movies 200 OK [in /home/sandip/movie_api/app/middleware.py:27]
[2018-10-13 18:44:54 +0530] [11796] [INFO] GET /api/movies 401 Unauthorized [in /home/sandip/movie_api/app/middleware.py:27]
[2018-10-13 18:44:56 +0530] [11854] [INFO] GET /api/movies 200 OK [in /home/sandip/movie_api/app/middleware.py:27]
[2018-10-13 18:44:58 +0530] [11903] [INFO] GET /api/movies 200 OK [in /home/sandip/movie_api/app/middleware.py:27]
[2018-10-13 18:48:03 +0530] [17865] [INFO] GET /api/movies 200 OK [in /home/sandip/movie_api/app/middleware.py:27]
[2018-10-13 18:48:06 +0530] [18089] [INFO] GET /api/movies 200 OK [in /home/sandip/movie_api/app/middleware.py:27]
[2018-10-13 18:48:09 +0530] [18221] [INFO] GET /api/movies 401 Unauthorized [in /home/sandip/movie_api/app/middleware.py:27]
[2018-10-13 18:48:11 +0530] [17865] [INFO] GET /api/movies 401 Unauthorized [in /home/sandip/movie_api/app/middleware.py:27]
[2018-10-13 18:48:16 +0530] [18089] [INFO] GET /api/movies 200 OK [in /home/sandip/movie_api/app/middleware.py:27]
[2018-10-13 18:49:02 +0530] [18221] [INFO] GET /api/movies 200 OK [in /home/sandip/movie_api/app/middleware.py:27]
[2018-10-13 18:49:07 +0530] [18140] [INFO] GET /api/movies 200 OK [in /home/sandip/movie_api/app/middleware.py:27]
[2018-10-13 18:49:20 +0530] [18140] [INFO] POST /api/movies 400 Bad Request [in /home/sandip/movie_api/app/middleware.py:27]
[2018-10-13 18:49:40 +0530] [18089] [INFO] POST /api/movies 400 Bad Request [in /home/sandip/movie_api/app/middleware.py:27]
[2018-10-13 18:49:42 +0530] [17865] [INFO] POST /api/movies 400 Bad Request [in /home/sandip/movie_api/app/middleware.py:27]
[2018-10-13 18:49:45 +0530] [18140] [INFO] POST /api/movies 401 Unauthorized [in /home/sandip/movie_api/app/middleware.py:27]
[2018-10-13 18:49:46 +0530] [18140] [INFO] POST /api/movies 401 Unauthorized [in /home/sandip/movie_api/app/middleware.py:27]
[2018-10-13 18:49:51 +0530] [17865] [INFO] POST /api/movies 400 Bad Request [in /home/sandip/movie_api/app/middleware.py:27]
[2018-10-13 18:49:52 +0530] [18089] [INFO] POST /api/movies 400 Bad Request [in /home/sandip/movie_api/app/middleware.py:27]
[2018-10-13 18:49:57 +0530] [18140] [INFO] POST /api/movies 401 Unauthorized [in /home/sandip/movie_api/app/middleware.py:27]
[2018-10-13 18:49:58 +0530] [18221] [INFO] POST /api/movies 401 Unauthorized [in /home/sandip/movie_api/app/middleware.py:27]
[2018-10-13 18:50:39 +0530] [18140] [INFO] POST /api/movies 401 Unauthorized [in /home/sandip/movie_api/app/middleware.py:27]
[2018-10-13 18:50:40 +0530] [17865] [INFO] POST /api/movies 401 Unauthorized [in /home/sandip/movie_api/app/middleware.py:27]
[2018-10-13 18:50:41 +0530] [18221] [INFO] POST /api/movies 401 Unauthorized [in /home/sandip/movie_api/app/middleware.py:27]
[2018-10-13 18:51:24 +0530] [17865] [INFO] POST /api/movies 400 Bad Request [in /home/sandip/movie_api/app/middleware.py:27]
[2018-10-13 18:51:51 +0530] [18089] [INFO] PUT /api/movies 401 Unauthorized [in /home/sandip/movie_api/app/middleware.py:27]
[2018-10-13 18:51:54 +0530] [18221] [INFO] PUT /api/movies 401 Unauthorized [in /home/sandip/movie_api/app/middleware.py:27]
[2018-10-13 18:51:54 +0530] [18089] [INFO] PUT /api/movies 401 Unauthorized [in /home/sandip/movie_api/app/middleware.py:27]
[2018-10-13 18:51:56 +0530] [18089] [INFO] PUT /api/movies 401 Unauthorized [in /home/sandip/movie_api/app/middleware.py:27]
[2018-10-13 18:51:57 +0530] [18140] [INFO] PUT /api/movies 401 Unauthorized [in /home/sandip/movie_api/app/middleware.py:27]
[2018-10-13 18:52:14 +0530] [18221] [INFO] PUT /api/movies 401 Unauthorized [in /home/sandip/movie_api/app/middleware.py:27]
[2018-10-13 18:52:15 +0530] [18089] [INFO] PUT /api/movies 401 Unauthorized [in /home/sandip/movie_api/app/middleware.py:27]
[2018-10-13 18:52:25 +0530] [17865] [INFO] PUT /api/movies 404 Not Found [in /home/sandip/movie_api/app/middleware.py:27]
[2018-10-13 18:52:26 +0530] [17865] [INFO] PUT /api/movies 404 Not Found [in /home/sandip/movie_api/app/middleware.py:27]
[2018-10-13 18:52:43 +0530] [18089] [INFO] GET /api/search/dabang66 401 Unauthorized [in /home/sandip/movie_api/app/middleware.py:27]
[2018-10-13 18:52:45 +0530] [18089] [INFO] GET /api/search/dabang66 401 Unauthorized [in /home/sandip/movie_api/app/middleware.py:27]
[2018-10-13 18:52:56 +0530] [18089] [INFO] GET /api/search/dabang66 401 Unauthorized [in /home/sandip/movie_api/app/middleware.py:27]
[2018-10-13 18:53:07 +0530] [18089] [INFO] GET /api/search/dabang66 404 Not Found [in /home/sandip/movie_api/app/middleware.py:27]
[2018-10-13 18:53:09 +0530] [18089] [INFO] GET /api/search/dabang66 404 Not Found [in /home/sandip/movie_api/app/middleware.py:27]
[2018-10-13 18:53:21 +0530] [18221] [INFO] DELETE /api/delete/dabang666 401 Unauthorized [in /home/sandip/movie_api/app/middleware.py:27]
[2018-10-13 18:53:30 +0530] [17865] [INFO] DELETE /api/delete/dabang666 200 OK [in /home/sandip/movie_api/app/middleware.py:27]
[2018-10-13 18:53:31 +0530] [17865] [INFO] DELETE /api/delete/dabang666 404 Not Found [in /home/sandip/movie_api/app/middleware.py:27]
[2018-10-13 18:53:32 +0530] [18140] [INFO] DELETE /api/delete/dabang666 404 Not Found [in /home/sandip/movie_api/app/middleware.py:27]
[2018-10-13 18:53:43 +0530] [17865] [INFO] POST /api/user 401 Unauthorized [in /home/sandip/movie_api/app/middleware.py:27]
[2018-10-13 18:54:09 +0530] [29996] [INFO] POST /api/user 400 Bad Request [in /home/sandip/movie_api/app/middleware.py:27]
[2018-10-13 18:54:31 +0530] [29996] [INFO] POST /api/user 400 Bad Request [in /home/sandip/movie_api/app/middleware.py:27]
[2018-10-13 18:54:32 +0530] [29996] [INFO] POST /api/user 400 Bad Request [in /home/sandip/movie_api/app/middleware.py:27]
[2018-10-13 18:54:44 +0530] [30127] [INFO] POST /api/user 400 Bad Request [in /home/sandip/movie_api/app/middleware.py:27]
[2018-10-13 18:55:45 +0530] [29996] [INFO] POST /api/user 400 Bad Request [in /home/sandip/movie_api/app/middleware.py:27]
[2018-10-13 18:56:09 +0530] [30373] [INFO] GET /api 401 Unauthorized [in /home/sandip/movie_api/app/middleware.py:27]
[2018-10-13 18:56:16 +0530] [30228] [INFO] GET /api/user 405 Method Not Allowed [in /home/sandip/movie_api/app/middleware.py:27]
[2018-10-13 18:56:17 +0530] [30127] [INFO] GET /favicon.ico 401 Unauthorized [in /home/sandip/movie_api/app/middleware.py:27]
[2018-10-13 18:56:24 +0530] [30127] [INFO] GET /api/user 405 Method Not Allowed [in /home/sandip/movie_api/app/middleware.py:27]
[2018-10-13 18:56:24 +0530] [30127] [INFO] GET /favicon.ico 401 Unauthorized [in /home/sandip/movie_api/app/middleware.py:27]
[2018-10-13 19:07:59 +0530] [25568] [INFO] POST /api/user 400 Bad Request [in /home/sandip/movie_api/app/middleware.py:27]
[2018-10-13 19:08:23 +0530] [25504] [INFO] GET /api/movies 200 OK [in /home/sandip/movie_api/app/middleware.py:27]
[2018-10-13 19:08:31 +0530] [25504] [INFO] GET /api/movies 200 OK [in /home/sandip/movie_api/app/middleware.py:27]
[2018-10-13 19:09:12 +0530] [27926] [INFO] GET /api/movies 200 OK [in /home/sandip/movie_api/app/middleware.py:27]
[2018-10-13 19:09:47 +0530] [29520] [INFO] GET /api/movies 200 OK [in /home/sandip/movie_api/app/middleware.py:27]
[2018-10-13 19:09:49 +0530] [29520] [INFO] GET /api/movies 200 OK [in /home/sandip/movie_api/app/middleware.py:27]
[2018-10-13 19:12:11 +0530] [2864] [INFO] GET /api/movies 401 Unauthorized [in /home/sandip/movie_api/app/middleware.py:27]
[2018-10-13 19:12:11 +0530] [2864] [INFO] GET /api/movies 401 Unauthorized [in /home/sandip/movie_api/app/middleware.py:27]
[2018-10-13 19:12:11 +0530] [2864] [INFO] GET /api/movies 401 Unauthorized [in /home/sandip/movie_api/app/middleware.py:27]
[2018-10-13 19:12:11 +0530] [2864] [INFO] GET /api/movies 401 Unauthorized [in /home/sandip/movie_api/app/middleware.py:27]
[2018-10-13 19:12:11 +0530] [2864] [INFO] GET /api/movies 401 Unauthorized [in /home/sandip/movie_api/app/middleware.py:27]
[2018-10-13 19:12:11 +0530] [2864] [INFO] GET /api/movies 401 Unauthorized [in /home/sandip/movie_api/app/middleware.py:27]
[2018-10-13 19:12:11 +0530] [2871] [INFO] GET /api/movies 401 Unauthorized [in /home/sandip/movie_api/app/middleware.py:27]
[2018-10-13 19:12:11 +0530] [2871] [INFO] GET /api/movies 401 Unauthorized [in /home/sandip/movie_api/app/middleware.py:27]
[2018-10-13 19:12:11 +0530] [2876] [INFO] GET /api/movies 401 Unauthorized [in /home/sandip/movie_api/app/middleware.py:27]
[2018-10-13 19:12:55 +0530] [4281] [INFO] GET /api/movies 401 Unauthorized [in /home/sandip/movie_api/app/middleware.py:27]
[2018-10-13 19:15:01 +0530] [8789] [INFO] GET /api/movies 401 Unauthorized [in /home/sandip/movie_api/app/middleware.py:27]
[2018-10-13 19:17:13 +0530] [13132] [INFO] GET /api/movies 401 Unauthorized [in /home/sandip/movie_api/app/middleware.py:27]
[2018-10-13 19:17:18 +0530] [13139] [INFO] GET /api/movies 401 Unauthorized [in /home/sandip/movie_api/app/middleware.py:27]
[2018-10-13 19:17:30 +0530] [13139] [INFO] GET /api/movies 200 OK [in /home/sandip/movie_api/app/middleware.py:27]
[2018-10-13 19:17:32 +0530] [13274] [INFO] GET /api/movies 200 OK [in /home/sandip/movie_api/app/middleware.py:27]
[2018-10-13 19:18:22 +0530] [15414] [INFO] GET /api/movies 401 Unauthorized [in /home/sandip/movie_api/app/middleware.py:27]
[2018-10-13 19:18:28 +0530] [15638] [INFO] GET /api/movies 401 Unauthorized [in /home/sandip/movie_api/app/middleware.py:27]
[2018-10-13 19:20:06 +0530] [18872] [INFO] GET /api/movies 200 OK [in /home/sandip/movie_api/app/middleware.py:27]
[2018-10-13 19:20:12 +0530] [18658] [INFO] POST /api/movies 200 OK [in /home/sandip/movie_api/app/middleware.py:27]
[2018-10-13 19:20:13 +0530] [18872] [INFO] POST /api/movies 400 Bad Request [in /home/sandip/movie_api/app/middleware.py:27]
[2018-10-13 19:20:14 +0530] [18658] [INFO] POST /api/movies 400 Bad Request [in /home/sandip/movie_api/app/middleware.py:27]
[2018-10-13 19:20:20 +0530] [18790] [INFO] POST /api/movies 401 Unauthorized [in /home/sandip/movie_api/app/middleware.py:27]
[2018-10-13 19:20:21 +0530] [18725] [INFO] POST /api/movies 401 Unauthorized [in /home/sandip/movie_api/app/middleware.py:27]
[2018-10-13 19:20:28 +0530] [18658] [INFO] PUT /api/movies 404 Not Found [in /home/sandip/movie_api/app/middleware.py:27]
[2018-10-13 19:20:29 +0530] [18658] [INFO] PUT /api/movies 404 Not Found [in /home/sandip/movie_api/app/middleware.py:27]
[2018-10-13 19:20:35 +0530] [18725] [INFO] PUT /api/movies 401 Unauthorized [in /home/sandip/movie_api/app/middleware.py:27]
[2018-10-13 19:20:36 +0530] [18790] [INFO] PUT /api/movies 401 Unauthorized [in /home/sandip/movie_api/app/middleware.py:27]
[2018-10-13 19:20:41 +0530] [18658] [INFO] GET /api/search/dabang66 404 Not Found [in /home/sandip/movie_api/app/middleware.py:27]
[2018-10-13 19:20:42 +0530] [18790] [INFO] GET /api/search/dabang66 404 Not Found [in /home/sandip/movie_api/app/middleware.py:27]
[2018-10-13 19:20:49 +0530] [18790] [INFO] GET /api/search/dabang66 404 Not Found [in /home/sandip/movie_api/app/middleware.py:27]
[2018-10-13 19:20:50 +0530] [18725] [INFO] GET /api/search/dabang66 404 Not Found [in /home/sandip/movie_api/app/middleware.py:27]
[2018-10-13 19:20:56 +0530] [18790] [INFO] GET /api/search/dabang66 404 Not Found [in /home/sandip/movie_api/app/middleware.py:27]
[2018-10-13 19:20:58 +0530] [18790] [INFO] GET /api/search/dabang66 404 Not Found [in /home/sandip/movie_api/app/middleware.py:27]
[2018-10-13 19:21:08 +0530] [18725] [INFO] DELETE /api/delete/dabang666 401 Unauthorized [in /home/sandip/movie_api/app/middleware.py:27]
[2018-10-13 19:21:10 +0530] [18790] [INFO] DELETE /api/delete/dabang666 401 Unauthorized [in /home/sandip/movie_api/app/middleware.py:27]
[2018-10-13 19:21:15 +0530] [18658] [INFO] DELETE /api/delete/dabang666 401 Unauthorized [in /home/sandip/movie_api/app/middleware.py:27]
[2018-10-13 19:21:17 +0530] [18658] [INFO] DELETE /api/delete/dabang666 401 Unauthorized [in /home/sandip/movie_api/app/middleware.py:27]
[2018-10-13 19:21:20 +0530] [18658] [INFO] DELETE /api/delete/dabang666 200 OK [in /home/sandip/movie_api/app/middleware.py:27]
[2018-10-13 19:21:22 +0530] [18872] [INFO] DELETE /api/delete/dabang666 404 Not Found [in /home/sandip/movie_api/app/middleware.py:27]
[2018-10-13 19:21:25 +0530] [18790] [INFO] DELETE /api/delete/dabang66 404 Not Found [in /home/sandip/movie_api/app/middleware.py:27]
[2018-10-13 19:21:26 +0530] [18725] [INFO] DELETE /api/delete/dabang66 404 Not Found [in /home/sandip/movie_api/app/middleware.py:27]
[2018-10-13 19:21:37 +0530] [18725] [INFO] POST /api/user 400 Bad Request [in /home/sandip/movie_api/app/middleware.py:27]
[2018-10-13 19:21:38 +0530] [18725] [INFO] POST /api/user 400 Bad Request [in /home/sandip/movie_api/app/middleware.py:27]
[2018-10-13 22:22:48 +0530] [27844] [INFO] GET /api/movies 401 Unauthorized [in /home/sandip/movie_api/app/middleware.py:27]
[2018-10-13 22:22:48 +0530] [27844] [INFO] GET /api/movies 401 Unauthorized [in /home/sandip/movie_api/app/middleware.py:27]
[2018-10-13 22:22:48 +0530] [27850] [INFO] GET /api/movies 401 Unauthorized [in /home/sandip/movie_api/app/middleware.py:27]
[2018-10-13 22:22:56 +0530] [27850] [INFO] GET /api/movies 401 Unauthorized [in /home/sandip/movie_api/app/middleware.py:27]
[2018-10-13 22:22:57 +0530] [27850] [INFO] GET /api/movies 401 Unauthorized [in /home/sandip/movie_api/app/middleware.py:27]
[2018-10-13 22:22:57 +0530] [27850] [INFO] GET /api/movies 401 Unauthorized [in /home/sandip/movie_api/app/middleware.py:27]
[2018-10-13 22:22:58 +0530] [27844] [INFO] GET /api/movies 401 Unauthorized [in /home/sandip/movie_api/app/middleware.py:27]
[2018-10-13 22:23:05 +0530] [27835] [INFO] POST /api/movies 401 Unauthorized [in /home/sandip/movie_api/app/middleware.py:27]
[2018-10-13 22:23:06 +0530] [27844] [INFO] POST /api/movies 401 Unauthorized [in /home/sandip/movie_api/app/middleware.py:27]
[2018-10-13 22:23:09 +0530] [28253] [INFO] PUT /api/movies 401 Unauthorized [in /home/sandip/movie_api/app/middleware.py:27]
[2018-10-13 22:23:12 +0530] [27835] [INFO] GET /api/search/dabang66 401 Unauthorized [in /home/sandip/movie_api/app/middleware.py:27]
[2018-10-13 22:23:14 +0530] [27835] [INFO] GET /api/search/dabang66 401 Unauthorized [in /home/sandip/movie_api/app/middleware.py:27]
[2018-10-13 22:23:17 +0530] [27835] [INFO] DELETE /api/delete/dabang66 401 Unauthorized [in /home/sandip/movie_api/app/middleware.py:27]
[2018-10-13 22:23:18 +0530] [27835] [INFO] DELETE /api/delete/dabang66 401 Unauthorized [in /home/sandip/movie_api/app/middleware.py:27]
[2018-10-13 22:23:26 +0530] [27835] [INFO] POST /api/user 400 Bad Request [in /home/sandip/movie_api/app/middleware.py:27]
[2018-10-13 22:23:27 +0530] [28253] [INFO] POST /api/user 400 Bad Request [in /home/sandip/movie_api/app/middleware.py:27]
[2018-10-13 22:23:27 +0530] [27835] [INFO] POST /api/user 400 Bad Request [in /home/sandip/movie_api/app/middleware.py:27]
[2018-10-13 22:23:32 +0530] [28253] [INFO] GET /api/user 405 Method Not Allowed [in /home/sandip/movie_api/app/middleware.py:27]
[2018-10-13 22:23:33 +0530] [27835] [INFO] GET /api/user 405 Method Not Allowed [in /home/sandip/movie_api/app/middleware.py:27]
[2018-10-13 22:23:44 +0530] [27835] [INFO] GET /api/user 405 Method Not Allowed [in /home/sandip/movie_api/app/middleware.py:27]
[2018-10-13 22:23:46 +0530] [27850] [INFO] GET /api/user 405 Method Not Allowed [in /home/sandip/movie_api/app/middleware.py:27]
[2018-10-13 22:23:52 +0530] [27844] [INFO] POST /api/user 400 Bad Request [in /home/sandip/movie_api/app/middleware.py:27]
[2018-10-13 22:23:53 +0530] [28253] [INFO] POST /api/user 400 Bad Request [in /home/sandip/movie_api/app/middleware.py:27]
[2018-10-13 22:24:04 +0530] [27835] [INFO] POST /api/user 400 Bad Request [in /home/sandip/movie_api/app/middleware.py:27]
[2018-10-13 22:24:05 +0530] [27850] [INFO] POST /api/user 400 Bad Request [in /home/sandip/movie_api/app/middleware.py:27]
[2018-10-13 22:24:34 +0530] [27844] [INFO] POST /api/user 200 OK [in /home/sandip/movie_api/app/middleware.py:27]
[2018-10-13 22:24:48 +0530] [27850] [INFO] POST /api/user 400 Bad Request [in /home/sandip/movie_api/app/middleware.py:27]
[2018-10-13 22:24:51 +0530] [27835] [INFO] POST /api/user 400 Bad Request [in /home/sandip/movie_api/app/middleware.py:27]
[2018-10-13 22:24:53 +0530] [27835] [INFO] POST /api/user 400 Bad Request [in /home/sandip/movie_api/app/middleware.py:27]
[2018-10-13 22:25:04 +0530] [27850] [INFO] POST /api/user 400 Bad Request [in /home/sandip/movie_api/app/middleware.py:27]
[2018-10-13 22:25:14 +0530] [27835] [INFO] POST /api/user 200 OK [in /home/sandip/movie_api/app/middleware.py:27]
[2018-10-13 22:25:16 +0530] [27850] [INFO] POST /api/user 400 Bad Request [in /home/sandip/movie_api/app/middleware.py:27]
[2018-10-13 22:25:18 +0530] [27835] [INFO] POST /api/user 400 Bad Request [in /home/sandip/movie_api/app/middleware.py:27]
[2018-10-13 22:25:24 +0530] [27835] [INFO] POST /api/user 400 Bad Request [in /home/sandip/movie_api/app/middleware.py:27]
[2018-10-13 22:27:34 +0530] [27835] [INFO] POST /api/user 400 Bad Request [in /home/sandip/movie_api/app/middleware.py:27]
[2018-10-13 22:27:43 +0530] [27835] [INFO] POST /api/user 400 Bad Request [in /home/sandip/movie_api/app/middleware.py:27]
[2018-10-13 23:07:33 +0530] [17009] [INFO] GET /api/movies 200 OK [in /home/sandip/movie_api/app/middleware.py:27]
[2018-10-13 23:08:00 +0530] [17032] [INFO] GET /api/movies 200 OK [in /home/sandip/movie_api/app/middleware.py:27]
[2018-10-13 23:08:16 +0530] [17026] [INFO] GET /api/search/dabang66 404 Not Found [in /home/sandip/movie_api/app/middleware.py:27]
[2018-10-13 23:08:19 +0530] [17032] [INFO] GET /api/search/dabang66 404 Not Found [in /home/sandip/movie_api/app/middleware.py:27]
[2018-10-13 23:08:24 +0530] [27844] [INFO] GET /api/search/dabang66 404 Not Found [in /home/sandip/movie_api/app/middleware.py:27]
[2018-10-13 23:08:26 +0530] [27844] [INFO] GET /api/search/dabang66 404 Not Found [in /home/sandip/movie_api/app/middleware.py:27]
[2018-10-13 23:08:30 +0530] [27844] [INFO] GET /api/search/dabang660 404 Not Found [in /home/sandip/movie_api/app/middleware.py:27]
[2018-10-13 23:08:35 +0530] [17026] [INFO] GET /api/search/dabang660/dss 404 Not Found [in /home/sandip/movie_api/app/middleware.py:27]
[2018-10-13 23:08:48 +0530] [17009] [INFO] GET /api/search/dabang660 404 Not Found [in /home/sandip/movie_api/app/middleware.py:27]
[2018-10-13 23:09:08 +0530] [17009] [INFO] GET /api/movies 200 OK [in /home/sandip/movie_api/app/middleware.py:27]
[2018-10-13 23:12:12 +0530] [27844] [INFO] POST /api/user 400 Bad Request [in /home/sandip/movie_api/app/middleware.py:27]
[2018-10-13 23:12:27 +0530] [17032] [INFO] POST /api/user 400 Bad Request [in /home/sandip/movie_api/app/middleware.py:27]
[2018-10-13 23:13:00 +0530] [17032] [INFO] GET /api/movies 200 OK [in /home/sandip/movie_api/app/middleware.py:27]
[2018-10-13 23:13:02 +0530] [17032] [INFO] GET /api/movies 200 OK [in /home/sandip/movie_api/app/middleware.py:27]
[2018-10-13 23:14:14 +0530] [17026] [INFO] GET /api/search/dabang660 404 Not Found [in /home/sandip/movie_api/app/middleware.py:27]
[2018-10-13 23:14:15 +0530] [27844] [INFO] GET /api/search/dabang660 404 Not Found [in /home/sandip/movie_api/app/middleware.py:27]
[2018-10-13 23:15:45 +0530] [17009] [INFO] GET /api/movies 200 OK [in /home/sandip/movie_api/app/middleware.py:27]
[2018-10-13 23:16:17 +0530] [27844] [INFO] GET /api/search/movie-name 404 Not Found [in /home/sandip/movie_api/app/middleware.py:27]
[2018-10-13 23:17:09 +0530] [17032] [INFO] GET /api/search/dabang66 404 Not Found [in /home/sandip/movie_api/app/middleware.py:27]
[2018-10-13 23:17:11 +0530] [17009] [INFO] GET /api/search/dabang66 404 Not Found [in /home/sandip/movie_api/app/middleware.py:27]
[2018-10-13 23:17:18 +0530] [27844] [INFO] GET /api/movies 200 OK [in /home/sandip/movie_api/app/middleware.py:27]
[2018-10-13 23:18:28 +0530] [17009] [INFO] GET /api/search/dabang66 404 Not Found [in /home/sandip/movie_api/app/middleware.py:27]
[2018-10-13 23:18:29 +0530] [17032] [INFO] GET /api/search/dabang66 404 Not Found [in /home/sandip/movie_api/app/middleware.py:27]
[2018-10-13 23:18:46 +0530] [17009] [INFO] GET /api/search/dabang66 404 Not Found [in /home/sandip/movie_api/app/middleware.py:27]
[2018-10-13 23:20:18 +0530] [17032] [INFO] GET /api/search/dabang66 404 Not Found [in /home/sandip/movie_api/app/middleware.py:27]
[2018-10-13 23:20:21 +0530] [17009] [INFO] GET /api/search/dabang66 404 Not Found [in /home/sandip/movie_api/app/middleware.py:27]
[2018-10-13 23:20:23 +0530] [17032] [INFO] GET /api/search/dabang66 404 Not Found [in /home/sandip/movie_api/app/middleware.py:27]
[2018-10-13 23:20:45 +0530] [17026] [INFO] GET /api/search/dabang66 404 Not Found [in /home/sandip/movie_api/app/middleware.py:27]
[2018-10-13 23:20:51 +0530] [17032] [INFO] GET /api/search/dabang66 404 Not Found [in /home/sandip/movie_api/app/middleware.py:27]
[2018-10-13 23:21:13 +0530] [27844] [INFO] GET /api/search/dabang66 404 Not Found [in /home/sandip/movie_api/app/middleware.py:27]
[2018-10-13 23:22:08 +0530] [17032] [INFO] GET /api/search/Star 404 Not Found [in /home/sandip/movie_api/app/middleware.py:27]
[2018-10-13 23:23:22 +0530] [17026] [INFO] GET /api/search/star wars 200 OK [in /home/sandip/movie_api/app/middleware.py:27]
[2018-10-13 23:23:56 +0530] [27844] [INFO] GET /api/search/star wars 200 OK [in /home/sandip/movie_api/app/middleware.py:27]
[2018-10-13 23:25:51 +0530] [17032] [INFO] GET /api/movies 200 OK [in /home/sandip/movie_api/app/middleware.py:27]
[2018-10-13 23:26:07 +0530] [17032] [INFO] GET /api/movies 200 OK [in /home/sandip/movie_api/app/middleware.py:27]
[2018-10-13 23:26:36 +0530] [27844] [INFO] POST /api/movies 400 Bad Request [in /home/sandip/movie_api/app/middleware.py:27]
[2018-10-13 23:26:41 +0530] [17032] [INFO] POST /api/movies 400 Bad Request [in /home/sandip/movie_api/app/middleware.py:27]
[2018-10-13 23:26:42 +0530] [27844] [INFO] POST /api/movies 400 Bad Request [in /home/sandip/movie_api/app/middleware.py:27]
[2018-10-13 23:28:13 +0530] [27370] [INFO] POST /api/movies 200 OK [in /home/sandip/movie_api/app/middleware.py:27]
[2018-10-13 23:28:16 +0530] [27370] [INFO] POST /api/movies 400 Bad Request [in /home/sandip/movie_api/app/middleware.py:27]
[2018-10-13 23:28:17 +0530] [27521] [INFO] POST /api/movies 400 Bad Request [in /home/sandip/movie_api/app/middleware.py:27]
[2018-10-13 23:35:22 +0530] [27521] [INFO] POST /api/movies 200 OK [in /home/sandip/movie_api/app/middleware.py:27]
[2018-10-13 23:37:17 +0530] [27488] [INFO] POST /api/movies 401 Unauthorized [in /home/sandip/movie_api/app/middleware.py:27]
[2018-10-13 23:37:19 +0530] [27370] [INFO] POST /api/movies 401 Unauthorized [in /home/sandip/movie_api/app/middleware.py:27]
[2018-10-13 23:38:13 +0530] [16059] [INFO] POST /api/movies 401 Unauthorized [in /home/sandip/movie_api/app/middleware.py:27]
[2018-10-13 23:42:41 +0530] [16048] [INFO] POST /api/movies 401 Unauthorized [in /home/sandip/movie_api/app/middleware.py:27]
[2018-10-13 23:43:09 +0530] [16059] [INFO] POST /api/movies 401 Unauthorized [in /home/sandip/movie_api/app/middleware.py:27]
[2018-10-13 23:43:27 +0530] [16416] [INFO] POST /api/movies 401 Unauthorized [in /home/sandip/movie_api/app/middleware.py:27]
[2018-10-13 23:44:58 +0530] [16416] [INFO] POST /api/movies 400 Bad Request [in /home/sandip/movie_api/app/middleware.py:27]
[2018-10-13 23:47:11 +0530] [16048] [INFO] POST /api/movies/gfgf 404 Not Found [in /home/sandip/movie_api/app/middleware.py:27]
[2018-10-13 23:47:16 +0530] [16059] [INFO] POST /api/movies 401 Unauthorized [in /home/sandip/movie_api/app/middleware.py:27]
[2018-10-13 23:47:17 +0530] [16416] [INFO] POST /api/movies 401 Unauthorized [in /home/sandip/movie_api/app/middleware.py:27]
[2018-10-13 23:47:20 +0530] [16048] [INFO] POST /api/movies 400 Bad Request [in /home/sandip/movie_api/app/middleware.py:27]
[2018-10-13 23:47:21 +0530] [16048] [INFO] POST /api/movies 400 Bad Request [in /home/sandip/movie_api/app/middleware.py:27]
[2018-10-13 23:47:29 +0530] [16059] [INFO] PUT /api/movies 401 Unauthorized [in /home/sandip/movie_api/app/middleware.py:27]
[2018-10-13 23:47:31 +0530] [16459] [INFO] PUT /api/movies 401 Unauthorized [in /home/sandip/movie_api/app/middleware.py:27]
[2018-10-13 23:47:38 +0530] [16459] [INFO] PUT /api/movies 404 Not Found [in /home/sandip/movie_api/app/middleware.py:27]
[2018-10-13 23:47:50 +0530] [16459] [INFO] PUT /api/movies/sfsdfs 404 Not Found [in /home/sandip/movie_api/app/middleware.py:27]
[2018-10-13 23:47:53 +0530] [16416] [INFO] PUT /api/movies/sfsdfs 404 Not Found [in /home/sandip/movie_api/app/middleware.py:27]
[2018-10-13 23:47:58 +0530] [16459] [INFO] PUT /api/movies 404 Not Found [in /home/sandip/movie_api/app/middleware.py:27]
[2018-10-13 23:48:17 +0530] [16459] [INFO] PUT /api/movies 200 OK [in /home/sandip/movie_api/app/middleware.py:27]
[2018-10-13 23:48:26 +0530] [16416] [INFO] PUT /api/movies 200 OK [in /home/sandip/movie_api/app/middleware.py:27]
[2018-10-13 23:48:33 +0530] [16059] [INFO] PUT /api/movies 401 Unauthorized [in /home/sandip/movie_api/app/middleware.py:27]
[2018-10-13 23:48:38 +0530] [16459] [INFO] PUT /api/movies 200 OK [in /home/sandip/movie_api/app/middleware.py:27]
[2018-10-13 23:48:51 +0530] [16459] [INFO] PUT /api/movies 200 OK [in /home/sandip/movie_api/app/middleware.py:27]
[2018-10-13 23:49:53 +0530] [16059] [INFO] POST /api/movies 400 Bad Request [in /home/sandip/movie_api/app/middleware.py:27]
[2018-10-13 23:50:18 +0530] [16459] [INFO] PUT /api/movies 200 OK [in /home/sandip/movie_api/app/middleware.py:27]
[2018-10-13 23:50:30 +0530] [16059] [INFO] PUT /api/movies 404 Not Found [in /home/sandip/movie_api/app/middleware.py:27]
[2018-10-13 23:51:05 +0530] [16416] [INFO] GET /api/search 404 Not Found [in /home/sandip/movie_api/app/middleware.py:27]
[2018-10-13 23:51:06 +0530] [16416] [INFO] GET /api/search 404 Not Found [in /home/sandip/movie_api/app/middleware.py:27]
[2018-10-13 23:51:25 +0530] [16059] [INFO] GET /api/search 404 Not Found [in /home/sandip/movie_api/app/middleware.py:27]
[2018-10-13 23:51:34 +0530] [16459] [INFO] GET /api/search/star war 404 Not Found [in /home/sandip/movie_api/app/middleware.py:27]
[2018-10-13 23:51:44 +0530] [16059] [INFO] GET /api/search/sta wars 404 Not Found [in /home/sandip/movie_api/app/middleware.py:27]
[2018-10-13 23:51:46 +0530] [16459] [INFO] GET /api/search/sta wars 404 Not Found [in /home/sandip/movie_api/app/middleware.py:27]
[2018-10-13 23:51:47 +0530] [16416] [INFO] GET /api/search/sta wars 404 Not Found [in /home/sandip/movie_api/app/middleware.py:27]
[2018-10-13 23:51:52 +0530] [16048] [INFO] GET /api/search/star wars 200 OK [in /home/sandip/movie_api/app/middleware.py:27]
[2018-10-13 23:52:03 +0530] [16459] [INFO] GET /api/search/star wars 200 OK [in /home/sandip/movie_api/app/middleware.py:27]
[2018-10-13 23:52:06 +0530] [16416] [INFO] GET /api/search/star wars 200 OK [in /home/sandip/movie_api/app/middleware.py:27]
[2018-10-13 23:52:52 +0530] [16048] [INFO] GET /search/Star 401 Unauthorized [in /home/sandip/movie_api/app/middleware.py:27]
[2018-10-13 23:53:47 +0530] [16048] [INFO] GET /api/search/star wars 200 OK [in /home/sandip/movie_api/app/middleware.py:27]
[2018-10-13 23:54:03 +0530] [16416] [INFO] GET /api/search/black panther 200 OK [in /home/sandip/movie_api/app/middleware.py:27]
[2018-10-13 23:56:05 +0530] [16048] [INFO] DELETE /api/delete/dabang66 401 Unauthorized [in /home/sandip/movie_api/app/middleware.py:27]
[2018-10-13 23:56:08 +0530] [16459] [INFO] DELETE /api/delete/dabang66 401 Unauthorized [in /home/sandip/movie_api/app/middleware.py:27]
[2018-10-13 23:56:13 +0530] [16416] [INFO] DELETE /api/delete/dabang66 404 Not Found [in /home/sandip/movie_api/app/middleware.py:27]
[2018-10-13 23:56:16 +0530] [16048] [INFO] DELETE /api/delete/dabang66 404 Not Found [in /home/sandip/movie_api/app/middleware.py:27]
[2018-10-13 23:56:17 +0530] [16059] [INFO] DELETE /api/delete/dabang66 404 Not Found [in /home/sandip/movie_api/app/middleware.py:27]
[2018-10-13 23:56:34 +0530] [16048] [INFO] DELETE /api/delete/black panther 200 OK [in /home/sandip/movie_api/app/middleware.py:27]
[2018-10-13 23:56:36 +0530] [16459] [INFO] DELETE /api/delete/black panther 404 Not Found [in /home/sandip/movie_api/app/middleware.py:27]
[2018-10-13 23:56:38 +0530] [16059] [INFO] DELETE /api/delete/black panther 404 Not Found [in /home/sandip/movie_api/app/middleware.py:27]
[2018-10-13 23:57:07 +0530] [16048] [INFO] DELETE /api/delete/black panther 404 Not Found [in /home/sandip/movie_api/app/middleware.py:27]
[2018-10-13 23:57:21 +0530] [16459] [INFO] POST /api/movies 200 OK [in /home/sandip/movie_api/app/middleware.py:27]
[2018-10-13 23:57:23 +0530] [16059] [INFO] POST /api/movies 400 Bad Request [in /home/sandip/movie_api/app/middleware.py:27]
[2018-10-13 23:57:30 +0530] [16459] [INFO] DELETE /api/delete/black panther 200 OK [in /home/sandip/movie_api/app/middleware.py:27]
[2018-10-13 23:57:34 +0530] [16459] [INFO] DELETE /api/delete/black panther 404 Not Found [in /home/sandip/movie_api/app/middleware.py:27]
[2018-10-13 23:58:19 +0530] [23889] [INFO] DELETE /api/delete/black panther 404 Not Found [in /home/sandip/movie_api/app/middleware.py:27]
[2018-10-13 23:58:37 +0530] [24009] [INFO] POST /api/movies 200 OK [in /home/sandip/movie_api/app/middleware.py:27]
[2018-10-13 23:58:38 +0530] [23889] [INFO] POST /api/movies 400 Bad Request [in /home/sandip/movie_api/app/middleware.py:27]
[2018-10-14 01:24:28 +0530] [2827] [INFO] GET /api 200 OK [in /home/sandip/movie_api/app/middleware.py:27]
[2018-10-14 01:24:29 +0530] [2533] [INFO] GET /api 200 OK [in /home/sandip/movie_api/app/middleware.py:27]
[2018-10-14 01:25:03 +0530] [4984] [INFO] GET /api 200 OK [in /home/sandip/movie_api/app/middleware.py:27]
[2018-10-14 01:25:04 +0530] [5153] [INFO] GET /api 200 OK [in /home/sandip/movie_api/app/middleware.py:27]
[2018-10-14 01:25:05 +0530] [5186] [INFO] GET /api 200 OK [in /home/sandip/movie_api/app/middleware.py:27]
[2018-10-14 01:25:59 +0530] [6457] [INFO] GET /api/movies 200 OK [in /home/sandip/movie_api/app/middleware.py:27]
[2018-10-14 01:26:06 +0530] [6676] [INFO] POST /api/movies 400 Bad Request [in /home/sandip/movie_api/app/middleware.py:27]
[2018-10-14 01:26:10 +0530] [6457] [INFO] PUT /api/movies 200 OK [in /home/sandip/movie_api/app/middleware.py:27]
[2018-10-14 01:26:13 +0530] [6457] [INFO] GET /api/search/black panther 200 OK [in /home/sandip/movie_api/app/middleware.py:27]
[2018-10-14 01:26:17 +0530] [6709] [INFO] DELETE /api/delete/black panther 200 OK [in /home/sandip/movie_api/app/middleware.py:27]
[2018-10-14 01:26:18 +0530] [6457] [INFO] DELETE /api/delete/black panther 404 Not Found [in /home/sandip/movie_api/app/middleware.py:27]
[2018-10-14 01:26:23 +0530] [6709] [INFO] POST /api/user 400 Bad Request [in /home/sandip/movie_api/app/middleware.py:27]
[2018-10-14 01:26:24 +0530] [6676] [INFO] POST /api/user 400 Bad Request [in /home/sandip/movie_api/app/middleware.py:27]
[2018-10-14 01:26:25 +0530] [6676] [INFO] POST /api/user 400 Bad Request [in /home/sandip/movie_api/app/middleware.py:27]
[2018-10-14 01:26:56 +0530] [6709] [INFO] GET /api/movies 200 OK [in /home/sandip/movie_api/app/middleware.py:27]
[2018-10-14 01:27:15 +0530] [6709] [INFO] GET /api 200 OK [in /home/sandip/movie_api/app/middleware.py:27]
[2018-10-14 01:27:17 +0530] [6676] [INFO] GET /api 200 OK [in /home/sandip/movie_api/app/middleware.py:27]
[2018-10-14 01:31:04 +0530] [17105] [INFO] GET /api 404 Not Found [in /home/sandip/movie_api/app/middleware.py:27]
[2018-10-14 01:32:00 +0530] [19014] [INFO] GET /api 200 OK [in /home/sandip/movie_api/app/middleware.py:27]
[2018-10-14 10:58:46 +0530] [30052] [INFO] POST /api/movies 401 Unauthorized [in /home/sandip/movie_api/app/middleware.py:27]
[2018-10-14 10:59:39 +0530] [30052] [INFO] DELETE /api/delete/black panther 401 Unauthorized [in /home/sandip/movie_api/app/middleware.py:27]
